<?xml version="1.0" encoding="UTF-8"?>
<coverage generated="1745161896896" clover="3.2.0">
  <project timestamp="1745161896897" name="All files">
    <metrics statements="182" coveredstatements="123" conditionals="54" coveredconditionals="24" methods="40" coveredmethods="34" elements="276" coveredelements="181" complexity="0" loc="182" ncloc="182" packages="2" files="4" classes="4"/>
    <package name="simple-api-master">
      <metrics statements="141" coveredstatements="82" conditionals="38" coveredconditionals="15" methods="16" coveredmethods="10"/>
      <file name="app.js" path="/Users/luana/Documents/simple-api-master/app.js">
        <metrics statements="126" coveredstatements="69" conditionals="34" coveredconditionals="13" methods="12" coveredmethods="6"/>
        <line num="1" count="1" type="stmt"/>
        <line num="2" count="1" type="stmt"/>
        <line num="3" count="1" type="stmt"/>
        <line num="4" count="1" type="stmt"/>
        <line num="5" count="1" type="stmt"/>
        <line num="6" count="1" type="stmt"/>
        <line num="7" count="1" type="stmt"/>
        <line num="8" count="1" type="stmt"/>
        <line num="10" count="1" type="stmt"/>
        <line num="11" count="1" type="stmt"/>
        <line num="13" count="1" type="stmt"/>
        <line num="16" count="1" type="stmt"/>
        <line num="18" count="1" type="cond" truecount="1" falsecount="1"/>
        <line num="19" count="0" type="stmt"/>
        <line num="20" count="0" type="stmt"/>
        <line num="21" count="0" type="stmt"/>
        <line num="26" count="1" type="stmt"/>
        <line num="29" count="1" type="stmt"/>
        <line num="32" count="1" type="stmt"/>
        <line num="34" count="1" type="stmt"/>
        <line num="48" count="1" type="stmt"/>
        <line num="53" count="1" type="stmt"/>
        <line num="55" count="1" type="stmt"/>
        <line num="57" count="1" type="stmt"/>
        <line num="58" count="7" type="stmt"/>
        <line num="60" count="7" type="stmt"/>
        <line num="61" count="7" type="cond" truecount="1" falsecount="1"/>
        <line num="62" count="0" type="stmt"/>
        <line num="65" count="7" type="stmt"/>
        <line num="66" count="7" type="stmt"/>
        <line num="67" count="7" type="stmt"/>
        <line num="68" count="7" type="stmt"/>
        <line num="70" count="0" type="stmt"/>
        <line num="132" count="1" type="stmt"/>
        <line num="133" count="0" type="stmt"/>
        <line num="134" count="0" type="stmt"/>
        <line num="135" count="0" type="cond" truecount="0" falsecount="2"/>
        <line num="136" count="0" type="stmt"/>
        <line num="138" count="0" type="cond" truecount="0" falsecount="2"/>
        <line num="139" count="0" type="stmt"/>
        <line num="141" count="0" type="cond" truecount="0" falsecount="2"/>
        <line num="142" count="0" type="stmt"/>
        <line num="147" count="0" type="stmt"/>
        <line num="148" count="0" type="cond" truecount="0" falsecount="2"/>
        <line num="149" count="0" type="stmt"/>
        <line num="151" count="0" type="stmt"/>
        <line num="152" count="0" type="stmt"/>
        <line num="158" count="0" type="stmt"/>
        <line num="212" count="1" type="stmt"/>
        <line num="213" count="1" type="stmt"/>
        <line num="214" count="1" type="stmt"/>
        <line num="215" count="1" type="cond" truecount="1" falsecount="1"/>
        <line num="216" count="1" type="cond" truecount="1" falsecount="1"/>
        <line num="217" count="1" type="cond" truecount="1" falsecount="1"/>
        <line num="218" count="1" type="stmt"/>
        <line num="219" count="1" type="cond" truecount="3" falsecount="1"/>
        <line num="220" count="0" type="stmt"/>
        <line num="222" count="1" type="stmt"/>
        <line num="223" count="1" type="stmt"/>
        <line num="225" count="0" type="stmt"/>
        <line num="267" count="1" type="stmt"/>
        <line num="268" count="2" type="stmt"/>
        <line num="269" count="2" type="stmt"/>
        <line num="270" count="2" type="stmt"/>
        <line num="272" count="0" type="stmt"/>
        <line num="321" count="1" type="stmt"/>
        <line num="322" count="1" type="stmt"/>
        <line num="323" count="1" type="stmt"/>
        <line num="324" count="1" type="stmt"/>
        <line num="326" count="1" type="stmt"/>
        <line num="327" count="1" type="cond" truecount="1" falsecount="1"/>
        <line num="328" count="1" type="stmt"/>
        <line num="330" count="0" type="stmt"/>
        <line num="333" count="0" type="stmt"/>
        <line num="399" count="1" type="stmt"/>
        <line num="400" count="0" type="stmt"/>
        <line num="401" count="0" type="stmt"/>
        <line num="408" count="0" type="stmt"/>
        <line num="409" count="0" type="stmt"/>
        <line num="410" count="0" type="stmt"/>
        <line num="414" count="0" type="stmt"/>
        <line num="497" count="1" type="stmt"/>
        <line num="498" count="0" type="stmt"/>
        <line num="499" count="0" type="stmt"/>
        <line num="503" count="0" type="cond" truecount="0" falsecount="2"/>
        <line num="504" count="0" type="stmt"/>
        <line num="506" count="0" type="stmt"/>
        <line num="507" count="0" type="stmt"/>
        <line num="508" count="0" type="stmt"/>
        <line num="509" count="0" type="cond" truecount="0" falsecount="2"/>
        <line num="510" count="0" type="stmt"/>
        <line num="511" count="0" type="stmt"/>
        <line num="513" count="0" type="stmt"/>
        <line num="516" count="0" type="stmt"/>
        <line num="520" count="1" type="stmt"/>
        <line num="521" count="4" type="stmt"/>
        <line num="522" count="4" type="stmt"/>
        <line num="523" count="4" type="stmt"/>
        <line num="524" count="4" type="stmt"/>
        <line num="526" count="4" type="cond" truecount="2" falsecount="0"/>
        <line num="527" count="1" type="stmt"/>
        <line num="530" count="3" type="stmt"/>
        <line num="533" count="3" type="stmt"/>
        <line num="536" count="3" type="stmt"/>
        <line num="537" count="3" type="stmt"/>
        <line num="538" count="3" type="stmt"/>
        <line num="539" count="9" type="cond" truecount="2" falsecount="0"/>
        <line num="540" count="1" type="stmt"/>
        <line num="544" count="3" type="stmt"/>
        <line num="546" count="0" type="stmt"/>
        <line num="613" count="1" type="stmt"/>
        <line num="614" count="0" type="stmt"/>
        <line num="615" count="0" type="stmt"/>
        <line num="616" count="0" type="stmt"/>
        <line num="617" count="0" type="stmt"/>
        <line num="621" count="0" type="stmt"/>
        <line num="622" count="0" type="stmt"/>
        <line num="623" count="0" type="stmt"/>
        <line num="625" count="0" type="stmt"/>
        <line num="677" count="1" type="stmt"/>
        <line num="678" count="0" type="stmt"/>
        <line num="679" count="0" type="stmt"/>
        <line num="680" count="0" type="cond" truecount="0" falsecount="2"/>
        <line num="681" count="0" type="stmt"/>
        <line num="683" count="0" type="stmt"/>
        <line num="684" count="0" type="stmt"/>
      </file>
      <file name="db.js" path="/Users/luana/Documents/simple-api-master/db.js">
        <metrics statements="15" coveredstatements="13" conditionals="4" coveredconditionals="2" methods="4" coveredmethods="4"/>
        <line num="1" count="3" type="stmt"/>
        <line num="2" count="3" type="stmt"/>
        <line num="5" count="3" type="stmt"/>
        <line num="9" count="1" type="stmt"/>
        <line num="19" count="1" type="stmt"/>
        <line num="30" count="1" type="stmt"/>
        <line num="31" count="1" type="stmt"/>
        <line num="32" count="1" type="cond" truecount="1" falsecount="1"/>
        <line num="33" count="0" type="stmt"/>
        <line num="35" count="1" type="stmt"/>
        <line num="39" count="1" type="stmt"/>
        <line num="40" count="1" type="cond" truecount="1" falsecount="1"/>
        <line num="41" count="0" type="stmt"/>
        <line num="43" count="1" type="stmt"/>
        <line num="49" count="3" type="stmt"/>
      </file>
    </package>
    <package name="simple-api-master.models">
      <metrics statements="41" coveredstatements="41" conditionals="16" coveredconditionals="9" methods="24" coveredmethods="24"/>
      <file name="movie.js" path="/Users/luana/Documents/simple-api-master/models/movie.js">
        <metrics statements="29" coveredstatements="29" conditionals="12" coveredconditionals="7" methods="18" coveredmethods="18"/>
        <line num="1" count="2" type="stmt"/>
        <line num="4" count="2" type="stmt"/>
        <line num="5" count="2" type="stmt"/>
        <line num="6" count="2" type="cond" truecount="1" falsecount="1"/>
        <line num="7" count="2" type="stmt"/>
        <line num="13" count="7" type="stmt"/>
        <line num="14" count="7" type="stmt"/>
        <line num="15" count="7" type="cond" truecount="1" falsecount="1"/>
        <line num="16" count="7" type="stmt"/>
        <line num="22" count="1" type="stmt"/>
        <line num="23" count="1" type="stmt"/>
        <line num="24" count="1" type="stmt"/>
        <line num="25" count="1" type="cond" truecount="1" falsecount="1"/>
        <line num="26" count="1" type="stmt"/>
        <line num="32" count="3" type="stmt"/>
        <line num="34" count="3" type="stmt"/>
        <line num="35" count="3" type="stmt"/>
        <line num="36" count="3" type="stmt"/>
        <line num="38" count="3" type="cond" truecount="2" falsecount="0"/>
        <line num="40" count="1" type="stmt"/>
        <line num="41" count="1" type="stmt"/>
        <line num="43" count="1" type="stmt"/>
        <line num="44" count="1" type="cond" truecount="1" falsecount="1"/>
        <line num="45" count="1" type="stmt"/>
        <line num="52" count="1" type="stmt"/>
        <line num="53" count="1" type="stmt"/>
        <line num="54" count="1" type="cond" truecount="1" falsecount="1"/>
        <line num="55" count="1" type="stmt"/>
        <line num="60" count="2" type="stmt"/>
      </file>
      <file name="user.js" path="/Users/luana/Documents/simple-api-master/models/user.js">
        <metrics statements="12" coveredstatements="12" conditionals="4" coveredconditionals="2" methods="6" coveredmethods="6"/>
        <line num="1" count="2" type="stmt"/>
        <line num="4" count="1" type="stmt"/>
        <line num="5" count="1" type="stmt"/>
        <line num="6" count="1" type="stmt"/>
        <line num="7" count="1" type="cond" truecount="1" falsecount="1"/>
        <line num="8" count="1" type="stmt"/>
        <line num="15" count="3" type="stmt"/>
        <line num="16" count="3" type="stmt"/>
        <line num="17" count="3" type="stmt"/>
        <line num="18" count="3" type="cond" truecount="1" falsecount="1"/>
        <line num="19" count="3" type="stmt"/>
        <line num="25" count="2" type="stmt"/>
      </file>
    </package>
  </project>
</coverage>
