{"/Users/luana/Documents/simple-api-master/app.js": {"path":"/Users/luana/Documents/simple-api-master/app.js","statementMap":{"0":{"start":{"line":1,"column":16},"end":{"line":1,"column":34}},"1":{"start":{"line":2,"column":18},"end":{"line":2,"column":47}},"2":{"start":{"line":3,"column":21},"end":{"line":3,"column":45}},"3":{"start":{"line":4,"column":12},"end":{"line":4,"column":35}},"4":{"start":{"line":5,"column":28},"end":{"line":5,"column":43}},"5":{"start":{"line":6,"column":39},"end":{"line":6,"column":63}},"6":{"start":{"line":7,"column":72},"end":{"line":7,"column":97}},"7":{"start":{"line":8,"column":0},"end":{"line":8,"column":27}},"8":{"start":{"line":10,"column":12},"end":{"line":10,"column":21}},"9":{"start":{"line":11,"column":13},"end":{"line":11,"column":17}},"10":{"start":{"line":13,"column":0},"end":{"line":13,"column":24}},"11":{"start":{"line":16,"column":4},"end":{"line":16,"column":28}},"12":{"start":{"line":18,"column":4},"end":{"line":23,"column":5}},"13":{"start":{"line":19,"column":8},"end":{"line":22,"column":11}},"14":{"start":{"line":20,"column":12},"end":{"line":20,"column":70}},"15":{"start":{"line":21,"column":12},"end":{"line":21,"column":87}},"16":{"start":{"line":26,"column":0},"end":{"line":26,"column":14}},"17":{"start":{"line":29,"column":0},"end":{"line":29,"column":21}},"18":{"start":{"line":32,"column":19},"end":{"line":32,"column":36}},"19":{"start":{"line":34,"column":26},"end":{"line":46,"column":1}},"20":{"start":{"line":48,"column":16},"end":{"line":51,"column":1}},"21":{"start":{"line":53,"column":20},"end":{"line":53,"column":41}},"22":{"start":{"line":55,"column":0},"end":{"line":55,"column":68}},"23":{"start":{"line":57,"column":26},"end":{"line":72,"column":1}},"24":{"start":{"line":58,"column":18},"end":{"line":58,"column":60}},"25":{"start":{"line":60,"column":4},"end":{"line":60,"column":23}},"26":{"start":{"line":61,"column":4},"end":{"line":63,"column":5}},"27":{"start":{"line":62,"column":8},"end":{"line":62,"column":65}},"28":{"start":{"line":65,"column":4},"end":{"line":71,"column":5}},"29":{"start":{"line":66,"column":24},"end":{"line":66,"column":53}},"30":{"start":{"line":67,"column":8},"end":{"line":67,"column":27}},"31":{"start":{"line":68,"column":8},"end":{"line":68,"column":15}},"32":{"start":{"line":70,"column":8},"end":{"line":70,"column":65}},"33":{"start":{"line":132,"column":0},"end":{"line":160,"column":3}},"34":{"start":{"line":133,"column":4},"end":{"line":159,"column":5}},"35":{"start":{"line":134,"column":43},"end":{"line":134,"column":51}},"36":{"start":{"line":135,"column":8},"end":{"line":137,"column":9}},"37":{"start":{"line":136,"column":12},"end":{"line":136,"column":74}},"38":{"start":{"line":138,"column":8},"end":{"line":140,"column":9}},"39":{"start":{"line":139,"column":12},"end":{"line":139,"column":73}},"40":{"start":{"line":141,"column":8},"end":{"line":143,"column":9}},"41":{"start":{"line":142,"column":12},"end":{"line":142,"column":77}},"42":{"start":{"line":147,"column":19},"end":{"line":147,"column":46}},"43":{"start":{"line":148,"column":8},"end":{"line":150,"column":9}},"44":{"start":{"line":149,"column":12},"end":{"line":149,"column":76}},"45":{"start":{"line":151,"column":8},"end":{"line":151,"column":55}},"46":{"start":{"line":152,"column":8},"end":{"line":156,"column":11}},"47":{"start":{"line":158,"column":8},"end":{"line":158,"column":60}},"48":{"start":{"line":212,"column":0},"end":{"line":227,"column":3}},"49":{"start":{"line":213,"column":4},"end":{"line":226,"column":5}},"50":{"start":{"line":214,"column":36},"end":{"line":214,"column":44}},"51":{"start":{"line":215,"column":8},"end":{"line":215,"column":82}},"52":{"start":{"line":215,"column":20},"end":{"line":215,"column":82}},"53":{"start":{"line":216,"column":8},"end":{"line":216,"column":88}},"54":{"start":{"line":216,"column":23},"end":{"line":216,"column":88}},"55":{"start":{"line":217,"column":8},"end":{"line":217,"column":123}},"56":{"start":{"line":217,"column":33},"end":{"line":217,"column":123}},"57":{"start":{"line":218,"column":21},"end":{"line":218,"column":48}},"58":{"start":{"line":219,"column":8},"end":{"line":221,"column":9}},"59":{"start":{"line":220,"column":12},"end":{"line":220,"column":82}},"60":{"start":{"line":222,"column":22},"end":{"line":222,"column":91}},"61":{"start":{"line":223,"column":8},"end":{"line":223,"column":61}},"62":{"start":{"line":225,"column":8},"end":{"line":225,"column":52}},"63":{"start":{"line":267,"column":0},"end":{"line":274,"column":3}},"64":{"start":{"line":268,"column":4},"end":{"line":273,"column":5}},"65":{"start":{"line":269,"column":23},"end":{"line":269,"column":38}},"66":{"start":{"line":270,"column":8},"end":{"line":270,"column":49}},"67":{"start":{"line":272,"column":8},"end":{"line":272,"column":52}},"68":{"start":{"line":321,"column":0},"end":{"line":335,"column":3}},"69":{"start":{"line":322,"column":4},"end":{"line":334,"column":5}},"70":{"start":{"line":323,"column":23},"end":{"line":323,"column":38}},"71":{"start":{"line":324,"column":19},"end":{"line":324,"column":32}},"72":{"start":{"line":326,"column":22},"end":{"line":326,"column":52}},"73":{"start":{"line":327,"column":8},"end":{"line":331,"column":9}},"74":{"start":{"line":328,"column":12},"end":{"line":328,"column":35}},"75":{"start":{"line":330,"column":12},"end":{"line":330,"column":89}},"76":{"start":{"line":333,"column":8},"end":{"line":333,"column":52}},"77":{"start":{"line":399,"column":0},"end":{"line":416,"column":3}},"78":{"start":{"line":400,"column":4},"end":{"line":415,"column":5}},"79":{"start":{"line":401,"column":41},"end":{"line":401,"column":49}},"80":{"start":{"line":408,"column":23},"end":{"line":408,"column":38}},"81":{"start":{"line":409,"column":22},"end":{"line":409,"column":66}},"82":{"start":{"line":410,"column":8},"end":{"line":412,"column":11}},"83":{"start":{"line":414,"column":8},"end":{"line":414,"column":52}},"84":{"start":{"line":497,"column":0},"end":{"line":518,"column":3}},"85":{"start":{"line":498,"column":4},"end":{"line":517,"column":5}},"86":{"start":{"line":499,"column":41},"end":{"line":499,"column":49}},"87":{"start":{"line":503,"column":8},"end":{"line":505,"column":9}},"88":{"start":{"line":504,"column":12},"end":{"line":504,"column":75}},"89":{"start":{"line":506,"column":19},"end":{"line":506,"column":32}},"90":{"start":{"line":507,"column":23},"end":{"line":507,"column":38}},"91":{"start":{"line":508,"column":22},"end":{"line":508,"column":52}},"92":{"start":{"line":509,"column":8},"end":{"line":514,"column":9}},"93":{"start":{"line":510,"column":12},"end":{"line":510,"column":44}},"94":{"start":{"line":511,"column":12},"end":{"line":511,"column":53}},"95":{"start":{"line":513,"column":12},"end":{"line":513,"column":89}},"96":{"start":{"line":516,"column":8},"end":{"line":516,"column":52}},"97":{"start":{"line":520,"column":0},"end":{"line":548,"column":3}},"98":{"start":{"line":521,"column":4},"end":{"line":547,"column":5}},"99":{"start":{"line":522,"column":19},"end":{"line":522,"column":32}},"100":{"start":{"line":523,"column":23},"end":{"line":523,"column":38}},"101":{"start":{"line":524,"column":22},"end":{"line":524,"column":52}},"102":{"start":{"line":526,"column":8},"end":{"line":528,"column":9}},"103":{"start":{"line":527,"column":12},"end":{"line":527,"column":89}},"104":{"start":{"line":530,"column":21},"end":{"line":530,"column":29}},"105":{"start":{"line":533,"column":8},"end":{"line":533,"column":36}},"106":{"start":{"line":536,"column":30},"end":{"line":536,"column":58}},"107":{"start":{"line":537,"column":31},"end":{"line":537,"column":33}},"108":{"start":{"line":538,"column":8},"end":{"line":542,"column":9}},"109":{"start":{"line":539,"column":12},"end":{"line":541,"column":13}},"110":{"start":{"line":540,"column":16},"end":{"line":540,"column":52}},"111":{"start":{"line":544,"column":8},"end":{"line":544,"column":69}},"112":{"start":{"line":546,"column":8},"end":{"line":546,"column":60}},"113":{"start":{"line":613,"column":0},"end":{"line":627,"column":3}},"114":{"start":{"line":614,"column":4},"end":{"line":626,"column":5}},"115":{"start":{"line":615,"column":19},"end":{"line":615,"column":32}},"116":{"start":{"line":616,"column":23},"end":{"line":616,"column":38}},"117":{"start":{"line":617,"column":22},"end":{"line":617,"column":52}},"118":{"start":{"line":621,"column":21},"end":{"line":621,"column":29}},"119":{"start":{"line":622,"column":8},"end":{"line":622,"column":36}},"120":{"start":{"line":623,"column":8},"end":{"line":623,"column":57}},"121":{"start":{"line":625,"column":8},"end":{"line":625,"column":52}},"122":{"start":{"line":677,"column":0},"end":{"line":685,"column":3}},"123":{"start":{"line":678,"column":15},"end":{"line":678,"column":28}},"124":{"start":{"line":679,"column":19},"end":{"line":679,"column":34}},"125":{"start":{"line":680,"column":4},"end":{"line":682,"column":5}},"126":{"start":{"line":681,"column":8},"end":{"line":681,"column":85}},"127":{"start":{"line":683,"column":4},"end":{"line":683,"column":26}},"128":{"start":{"line":684,"column":4},"end":{"line":684,"column":38}}},"fnMap":{"0":{"name":"startServer","decl":{"start":{"line":15,"column":15},"end":{"line":15,"column":26}},"loc":{"start":{"line":15,"column":29},"end":{"line":24,"column":1}},"line":15},"1":{"name":"(anonymous_1)","decl":{"start":{"line":19,"column":25},"end":{"line":19,"column":26}},"loc":{"start":{"line":19,"column":31},"end":{"line":22,"column":9}},"line":19},"2":{"name":"(anonymous_2)","decl":{"start":{"line":57,"column":26},"end":{"line":57,"column":27}},"loc":{"start":{"line":57,"column":46},"end":{"line":72,"column":1}},"line":57},"3":{"name":"(anonymous_3)","decl":{"start":{"line":132,"column":22},"end":{"line":132,"column":23}},"loc":{"start":{"line":132,"column":42},"end":{"line":160,"column":1}},"line":132},"4":{"name":"(anonymous_4)","decl":{"start":{"line":212,"column":19},"end":{"line":212,"column":20}},"loc":{"start":{"line":212,"column":39},"end":{"line":227,"column":1}},"line":212},"5":{"name":"(anonymous_5)","decl":{"start":{"line":267,"column":38},"end":{"line":267,"column":39}},"loc":{"start":{"line":267,"column":58},"end":{"line":274,"column":1}},"line":267},"6":{"name":"(anonymous_6)","decl":{"start":{"line":321,"column":42},"end":{"line":321,"column":43}},"loc":{"start":{"line":321,"column":62},"end":{"line":335,"column":1}},"line":321},"7":{"name":"(anonymous_7)","decl":{"start":{"line":399,"column":39},"end":{"line":399,"column":40}},"loc":{"start":{"line":399,"column":59},"end":{"line":416,"column":1}},"line":399},"8":{"name":"(anonymous_8)","decl":{"start":{"line":497,"column":42},"end":{"line":497,"column":43}},"loc":{"start":{"line":497,"column":62},"end":{"line":518,"column":1}},"line":497},"9":{"name":"(anonymous_9)","decl":{"start":{"line":520,"column":44},"end":{"line":520,"column":45}},"loc":{"start":{"line":520,"column":64},"end":{"line":548,"column":1}},"line":520},"10":{"name":"(anonymous_10)","decl":{"start":{"line":613,"column":44},"end":{"line":613,"column":45}},"loc":{"start":{"line":613,"column":64},"end":{"line":627,"column":1}},"line":613},"11":{"name":"(anonymous_11)","decl":{"start":{"line":677,"column":45},"end":{"line":677,"column":46}},"loc":{"start":{"line":677,"column":65},"end":{"line":685,"column":1}},"line":677}},"branchMap":{"0":{"loc":{"start":{"line":18,"column":4},"end":{"line":23,"column":5}},"type":"if","locations":[{"start":{"line":18,"column":4},"end":{"line":23,"column":5}},{"start":{},"end":{}}],"line":18},"1":{"loc":{"start":{"line":61,"column":4},"end":{"line":63,"column":5}},"type":"if","locations":[{"start":{"line":61,"column":4},"end":{"line":63,"column":5}},{"start":{},"end":{}}],"line":61},"2":{"loc":{"start":{"line":135,"column":8},"end":{"line":137,"column":9}},"type":"if","locations":[{"start":{"line":135,"column":8},"end":{"line":137,"column":9}},{"start":{},"end":{}}],"line":135},"3":{"loc":{"start":{"line":138,"column":8},"end":{"line":140,"column":9}},"type":"if","locations":[{"start":{"line":138,"column":8},"end":{"line":140,"column":9}},{"start":{},"end":{}}],"line":138},"4":{"loc":{"start":{"line":141,"column":8},"end":{"line":143,"column":9}},"type":"if","locations":[{"start":{"line":141,"column":8},"end":{"line":143,"column":9}},{"start":{},"end":{}}],"line":141},"5":{"loc":{"start":{"line":148,"column":8},"end":{"line":150,"column":9}},"type":"if","locations":[{"start":{"line":148,"column":8},"end":{"line":150,"column":9}},{"start":{},"end":{}}],"line":148},"6":{"loc":{"start":{"line":215,"column":8},"end":{"line":215,"column":82}},"type":"if","locations":[{"start":{"line":215,"column":8},"end":{"line":215,"column":82}},{"start":{},"end":{}}],"line":215},"7":{"loc":{"start":{"line":216,"column":8},"end":{"line":216,"column":88}},"type":"if","locations":[{"start":{"line":216,"column":8},"end":{"line":216,"column":88}},{"start":{},"end":{}}],"line":216},"8":{"loc":{"start":{"line":217,"column":8},"end":{"line":217,"column":123}},"type":"if","locations":[{"start":{"line":217,"column":8},"end":{"line":217,"column":123}},{"start":{},"end":{}}],"line":217},"9":{"loc":{"start":{"line":219,"column":8},"end":{"line":221,"column":9}},"type":"if","locations":[{"start":{"line":219,"column":8},"end":{"line":221,"column":9}},{"start":{},"end":{}}],"line":219},"10":{"loc":{"start":{"line":219,"column":12},"end":{"line":219,"column":47}},"type":"binary-expr","locations":[{"start":{"line":219,"column":12},"end":{"line":219,"column":17}},{"start":{"line":219,"column":21},"end":{"line":219,"column":47}}],"line":219},"11":{"loc":{"start":{"line":327,"column":8},"end":{"line":331,"column":9}},"type":"if","locations":[{"start":{"line":327,"column":8},"end":{"line":331,"column":9}},{"start":{"line":329,"column":15},"end":{"line":331,"column":9}}],"line":327},"12":{"loc":{"start":{"line":503,"column":8},"end":{"line":505,"column":9}},"type":"if","locations":[{"start":{"line":503,"column":8},"end":{"line":505,"column":9}},{"start":{},"end":{}}],"line":503},"13":{"loc":{"start":{"line":509,"column":8},"end":{"line":514,"column":9}},"type":"if","locations":[{"start":{"line":509,"column":8},"end":{"line":514,"column":9}},{"start":{"line":512,"column":15},"end":{"line":514,"column":9}}],"line":509},"14":{"loc":{"start":{"line":526,"column":8},"end":{"line":528,"column":9}},"type":"if","locations":[{"start":{"line":526,"column":8},"end":{"line":528,"column":9}},{"start":{},"end":{}}],"line":526},"15":{"loc":{"start":{"line":539,"column":12},"end":{"line":541,"column":13}},"type":"if","locations":[{"start":{"line":539,"column":12},"end":{"line":541,"column":13}},{"start":{},"end":{}}],"line":539},"16":{"loc":{"start":{"line":680,"column":4},"end":{"line":682,"column":5}},"type":"if","locations":[{"start":{"line":680,"column":4},"end":{"line":682,"column":5}},{"start":{},"end":{}}],"line":680}},"s":{"0":1,"1":1,"2":1,"3":1,"4":1,"5":1,"6":1,"7":1,"8":1,"9":1,"10":1,"11":1,"12":1,"13":0,"14":0,"15":0,"16":1,"17":1,"18":1,"19":1,"20":1,"21":1,"22":1,"23":1,"24":7,"25":7,"26":7,"27":0,"28":7,"29":7,"30":7,"31":7,"32":0,"33":1,"34":0,"35":0,"36":0,"37":0,"38":0,"39":0,"40":0,"41":0,"42":0,"43":0,"44":0,"45":0,"46":0,"47":0,"48":1,"49":1,"50":1,"51":1,"52":0,"53":1,"54":0,"55":1,"56":0,"57":1,"58":1,"59":0,"60":1,"61":1,"62":0,"63":1,"64":2,"65":2,"66":2,"67":0,"68":1,"69":1,"70":1,"71":1,"72":1,"73":1,"74":1,"75":0,"76":0,"77":1,"78":0,"79":0,"80":0,"81":0,"82":0,"83":0,"84":1,"85":0,"86":0,"87":0,"88":0,"89":0,"90":0,"91":0,"92":0,"93":0,"94":0,"95":0,"96":0,"97":1,"98":4,"99":4,"100":4,"101":4,"102":4,"103":1,"104":3,"105":3,"106":3,"107":3,"108":3,"109":9,"110":1,"111":3,"112":0,"113":1,"114":0,"115":0,"116":0,"117":0,"118":0,"119":0,"120":0,"121":0,"122":1,"123":0,"124":0,"125":0,"126":0,"127":0,"128":0},"f":{"0":1,"1":0,"2":7,"3":0,"4":1,"5":2,"6":1,"7":0,"8":0,"9":4,"10":0,"11":0},"b":{"0":[0,1],"1":[0,7],"2":[0,0],"3":[0,0],"4":[0,0],"5":[0,0],"6":[0,1],"7":[0,1],"8":[0,1],"9":[0,1],"10":[1,1],"11":[1,0],"12":[0,0],"13":[0,0],"14":[1,3],"15":[1,8],"16":[0,0]},"_coverageSchema":"1a1c01bbd47fc00a2c39e90264f33305004495a9","hash":"f10837dac2c56507a38778800d952bd7b6ed1a0f"}
,"/Users/luana/Documents/simple-api-master/db.js": {"path":"/Users/luana/Documents/simple-api-master/db.js","statementMap":{"0":{"start":{"line":1,"column":16},"end":{"line":1,"column":44}},"1":{"start":{"line":2,"column":13},"end":{"line":2,"column":28}},"2":{"start":{"line":5,"column":11},"end":{"line":5,"column":75}},"3":{"start":{"line":9,"column":28},"end":{"line":17,"column":5}},"4":{"start":{"line":19,"column":30},"end":{"line":28,"column":5}},"5":{"start":{"line":30,"column":4},"end":{"line":46,"column":7}},"6":{"start":{"line":31,"column":8},"end":{"line":37,"column":11}},"7":{"start":{"line":32,"column":12},"end":{"line":36,"column":13}},"8":{"start":{"line":33,"column":16},"end":{"line":33,"column":78}},"9":{"start":{"line":35,"column":16},"end":{"line":35,"column":57}},"10":{"start":{"line":39,"column":8},"end":{"line":45,"column":11}},"11":{"start":{"line":40,"column":12},"end":{"line":44,"column":13}},"12":{"start":{"line":41,"column":16},"end":{"line":41,"column":79}},"13":{"start":{"line":43,"column":16},"end":{"line":43,"column":58}},"14":{"start":{"line":49,"column":0},"end":{"line":52,"column":2}}},"fnMap":{"0":{"name":"ensureUserTable","decl":{"start":{"line":8,"column":9},"end":{"line":8,"column":24}},"loc":{"start":{"line":8,"column":27},"end":{"line":47,"column":1}},"line":8},"1":{"name":"(anonymous_1)","decl":{"start":{"line":30,"column":17},"end":{"line":30,"column":18}},"loc":{"start":{"line":30,"column":23},"end":{"line":46,"column":5}},"line":30},"2":{"name":"(anonymous_2)","decl":{"start":{"line":31,"column":32},"end":{"line":31,"column":33}},"loc":{"start":{"line":31,"column":41},"end":{"line":37,"column":9}},"line":31},"3":{"name":"(anonymous_3)","decl":{"start":{"line":39,"column":34},"end":{"line":39,"column":35}},"loc":{"start":{"line":39,"column":43},"end":{"line":45,"column":9}},"line":39}},"branchMap":{"0":{"loc":{"start":{"line":32,"column":12},"end":{"line":36,"column":13}},"type":"if","locations":[{"start":{"line":32,"column":12},"end":{"line":36,"column":13}},{"start":{"line":34,"column":19},"end":{"line":36,"column":13}}],"line":32},"1":{"loc":{"start":{"line":40,"column":12},"end":{"line":44,"column":13}},"type":"if","locations":[{"start":{"line":40,"column":12},"end":{"line":44,"column":13}},{"start":{"line":42,"column":19},"end":{"line":44,"column":13}}],"line":40}},"s":{"0":3,"1":3,"2":3,"3":1,"4":1,"5":1,"6":1,"7":1,"8":0,"9":1,"10":1,"11":1,"12":0,"13":1,"14":3},"f":{"0":1,"1":1,"2":1,"3":1},"b":{"0":[0,1],"1":[0,1]},"_coverageSchema":"1a1c01bbd47fc00a2c39e90264f33305004495a9","hash":"55de31828f3935326842aed70c07d7c5f4b17729"}
,"/Users/luana/Documents/simple-api-master/models/movie.js": {"path":"/Users/luana/Documents/simple-api-master/models/movie.js","statementMap":{"0":{"start":{"line":1,"column":15},"end":{"line":1,"column":31}},"1":{"start":{"line":4,"column":4},"end":{"line":9,"column":7}},"2":{"start":{"line":5,"column":8},"end":{"line":8,"column":11}},"3":{"start":{"line":6,"column":12},"end":{"line":7,"column":31}},"4":{"start":{"line":6,"column":21},"end":{"line":6,"column":33}},"5":{"start":{"line":7,"column":17},"end":{"line":7,"column":31}},"6":{"start":{"line":13,"column":4},"end":{"line":18,"column":7}},"7":{"start":{"line":14,"column":8},"end":{"line":17,"column":11}},"8":{"start":{"line":15,"column":12},"end":{"line":16,"column":30}},"9":{"start":{"line":15,"column":21},"end":{"line":15,"column":33}},"10":{"start":{"line":16,"column":17},"end":{"line":16,"column":30}},"11":{"start":{"line":22,"column":4},"end":{"line":28,"column":7}},"12":{"start":{"line":23,"column":22},"end":{"line":23,"column":93}},"13":{"start":{"line":24,"column":8},"end":{"line":27,"column":11}},"14":{"start":{"line":25,"column":12},"end":{"line":26,"column":38}},"15":{"start":{"line":25,"column":21},"end":{"line":25,"column":33}},"16":{"start":{"line":26,"column":17},"end":{"line":26,"column":38}},"17":{"start":{"line":32,"column":4},"end":{"line":47,"column":7}},"18":{"start":{"line":34,"column":30},"end":{"line":34,"column":58}},"19":{"start":{"line":35,"column":21},"end":{"line":35,"column":81}},"20":{"start":{"line":35,"column":53},"end":{"line":35,"column":80}},"21":{"start":{"line":36,"column":23},"end":{"line":36,"column":49}},"22":{"start":{"line":36,"column":39},"end":{"line":36,"column":48}},"23":{"start":{"line":38,"column":8},"end":{"line":38,"column":48}},"24":{"start":{"line":38,"column":31},"end":{"line":38,"column":48}},"25":{"start":{"line":40,"column":26},"end":{"line":40,"column":66}},"26":{"start":{"line":40,"column":42},"end":{"line":40,"column":54}},"27":{"start":{"line":41,"column":22},"end":{"line":41,"column":67}},"28":{"start":{"line":43,"column":8},"end":{"line":46,"column":11}},"29":{"start":{"line":44,"column":12},"end":{"line":45,"column":39}},"30":{"start":{"line":44,"column":21},"end":{"line":44,"column":33}},"31":{"start":{"line":45,"column":17},"end":{"line":45,"column":39}},"32":{"start":{"line":52,"column":4},"end":{"line":57,"column":7}},"33":{"start":{"line":53,"column":8},"end":{"line":56,"column":11}},"34":{"start":{"line":54,"column":12},"end":{"line":55,"column":39}},"35":{"start":{"line":54,"column":21},"end":{"line":54,"column":33}},"36":{"start":{"line":55,"column":17},"end":{"line":55,"column":39}},"37":{"start":{"line":60,"column":0},"end":{"line":66,"column":2}}},"fnMap":{"0":{"name":"getMovies","decl":{"start":{"line":3,"column":9},"end":{"line":3,"column":18}},"loc":{"start":{"line":3,"column":27},"end":{"line":10,"column":1}},"line":3},"1":{"name":"(anonymous_1)","decl":{"start":{"line":4,"column":23},"end":{"line":4,"column":24}},"loc":{"start":{"line":4,"column":44},"end":{"line":9,"column":5}},"line":4},"2":{"name":"(anonymous_2)","decl":{"start":{"line":5,"column":66},"end":{"line":5,"column":67}},"loc":{"start":{"line":5,"column":81},"end":{"line":8,"column":9}},"line":5},"3":{"name":"getMovieById","decl":{"start":{"line":12,"column":9},"end":{"line":12,"column":21}},"loc":{"start":{"line":12,"column":34},"end":{"line":19,"column":1}},"line":12},"4":{"name":"(anonymous_4)","decl":{"start":{"line":13,"column":23},"end":{"line":13,"column":24}},"loc":{"start":{"line":13,"column":44},"end":{"line":18,"column":5}},"line":13},"5":{"name":"(anonymous_5)","decl":{"start":{"line":14,"column":81},"end":{"line":14,"column":82}},"loc":{"start":{"line":14,"column":95},"end":{"line":17,"column":9}},"line":14},"6":{"name":"addMovie","decl":{"start":{"line":21,"column":9},"end":{"line":21,"column":17}},"loc":{"start":{"line":21,"column":48},"end":{"line":29,"column":1}},"line":21},"7":{"name":"(anonymous_7)","decl":{"start":{"line":22,"column":23},"end":{"line":22,"column":24}},"loc":{"start":{"line":22,"column":44},"end":{"line":28,"column":5}},"line":22},"8":{"name":"(anonymous_8)","decl":{"start":{"line":24,"column":54},"end":{"line":24,"column":55}},"loc":{"start":{"line":24,"column":69},"end":{"line":27,"column":9}},"line":24},"9":{"name":"updateMovie","decl":{"start":{"line":31,"column":9},"end":{"line":31,"column":20}},"loc":{"start":{"line":31,"column":31},"end":{"line":48,"column":1}},"line":31},"10":{"name":"(anonymous_10)","decl":{"start":{"line":32,"column":23},"end":{"line":32,"column":24}},"loc":{"start":{"line":32,"column":44},"end":{"line":47,"column":5}},"line":32},"11":{"name":"(anonymous_11)","decl":{"start":{"line":35,"column":46},"end":{"line":35,"column":47}},"loc":{"start":{"line":35,"column":53},"end":{"line":35,"column":80}},"line":35},"12":{"name":"(anonymous_12)","decl":{"start":{"line":36,"column":32},"end":{"line":36,"column":33}},"loc":{"start":{"line":36,"column":39},"end":{"line":36,"column":48}},"line":36},"13":{"name":"(anonymous_13)","decl":{"start":{"line":40,"column":35},"end":{"line":40,"column":36}},"loc":{"start":{"line":40,"column":42},"end":{"line":40,"column":54}},"line":40},"14":{"name":"(anonymous_14)","decl":{"start":{"line":43,"column":39},"end":{"line":43,"column":40}},"loc":{"start":{"line":43,"column":54},"end":{"line":46,"column":9}},"line":43},"15":{"name":"deleteMovie","decl":{"start":{"line":51,"column":9},"end":{"line":51,"column":20}},"loc":{"start":{"line":51,"column":25},"end":{"line":58,"column":1}},"line":51},"16":{"name":"(anonymous_16)","decl":{"start":{"line":52,"column":23},"end":{"line":52,"column":24}},"loc":{"start":{"line":52,"column":44},"end":{"line":57,"column":5}},"line":52},"17":{"name":"(anonymous_17)","decl":{"start":{"line":53,"column":56},"end":{"line":53,"column":57}},"loc":{"start":{"line":53,"column":71},"end":{"line":56,"column":9}},"line":53}},"branchMap":{"0":{"loc":{"start":{"line":6,"column":12},"end":{"line":7,"column":31}},"type":"if","locations":[{"start":{"line":6,"column":12},"end":{"line":7,"column":31}},{"start":{"line":7,"column":17},"end":{"line":7,"column":31}}],"line":6},"1":{"loc":{"start":{"line":15,"column":12},"end":{"line":16,"column":30}},"type":"if","locations":[{"start":{"line":15,"column":12},"end":{"line":16,"column":30}},{"start":{"line":16,"column":17},"end":{"line":16,"column":30}}],"line":15},"2":{"loc":{"start":{"line":25,"column":12},"end":{"line":26,"column":38}},"type":"if","locations":[{"start":{"line":25,"column":12},"end":{"line":26,"column":38}},{"start":{"line":26,"column":17},"end":{"line":26,"column":38}}],"line":25},"3":{"loc":{"start":{"line":38,"column":8},"end":{"line":38,"column":48}},"type":"if","locations":[{"start":{"line":38,"column":8},"end":{"line":38,"column":48}},{"start":{},"end":{}}],"line":38},"4":{"loc":{"start":{"line":44,"column":12},"end":{"line":45,"column":39}},"type":"if","locations":[{"start":{"line":44,"column":12},"end":{"line":45,"column":39}},{"start":{"line":45,"column":17},"end":{"line":45,"column":39}}],"line":44},"5":{"loc":{"start":{"line":54,"column":12},"end":{"line":55,"column":39}},"type":"if","locations":[{"start":{"line":54,"column":12},"end":{"line":55,"column":39}},{"start":{"line":55,"column":17},"end":{"line":55,"column":39}}],"line":54}},"s":{"0":2,"1":2,"2":2,"3":2,"4":0,"5":2,"6":7,"7":7,"8":7,"9":0,"10":7,"11":1,"12":1,"13":1,"14":1,"15":0,"16":1,"17":3,"18":3,"19":3,"20":2,"21":3,"22":1,"23":3,"24":2,"25":1,"26":1,"27":1,"28":1,"29":1,"30":0,"31":1,"32":1,"33":1,"34":1,"35":0,"36":1,"37":2},"f":{"0":2,"1":2,"2":2,"3":7,"4":7,"5":7,"6":1,"7":1,"8":1,"9":3,"10":3,"11":2,"12":1,"13":1,"14":1,"15":1,"16":1,"17":1},"b":{"0":[0,2],"1":[0,7],"2":[0,1],"3":[2,1],"4":[0,1],"5":[0,1]},"_coverageSchema":"1a1c01bbd47fc00a2c39e90264f33305004495a9","hash":"23908f2ecc394dd92f1ef73aafb4c07eba8499ee"}
,"/Users/luana/Documents/simple-api-master/models/user.js": {"path":"/Users/luana/Documents/simple-api-master/models/user.js","statementMap":{"0":{"start":{"line":1,"column":15},"end":{"line":1,"column":31}},"1":{"start":{"line":4,"column":4},"end":{"line":10,"column":7}},"2":{"start":{"line":5,"column":22},"end":{"line":5,"column":82}},"3":{"start":{"line":6,"column":8},"end":{"line":9,"column":11}},"4":{"start":{"line":7,"column":12},"end":{"line":7,"column":40}},"5":{"start":{"line":7,"column":21},"end":{"line":7,"column":40}},"6":{"start":{"line":8,"column":12},"end":{"line":8,"column":33}},"7":{"start":{"line":15,"column":4},"end":{"line":21,"column":7}},"8":{"start":{"line":16,"column":22},"end":{"line":16,"column":59}},"9":{"start":{"line":17,"column":8},"end":{"line":20,"column":11}},"10":{"start":{"line":18,"column":12},"end":{"line":18,"column":40}},"11":{"start":{"line":18,"column":21},"end":{"line":18,"column":40}},"12":{"start":{"line":19,"column":12},"end":{"line":19,"column":25}},"13":{"start":{"line":25,"column":0},"end":{"line":28,"column":2}}},"fnMap":{"0":{"name":"createUser","decl":{"start":{"line":3,"column":9},"end":{"line":3,"column":19}},"loc":{"start":{"line":3,"column":43},"end":{"line":11,"column":1}},"line":3},"1":{"name":"(anonymous_1)","decl":{"start":{"line":4,"column":23},"end":{"line":4,"column":24}},"loc":{"start":{"line":4,"column":44},"end":{"line":10,"column":5}},"line":4},"2":{"name":"(anonymous_2)","decl":{"start":{"line":6,"column":47},"end":{"line":6,"column":48}},"loc":{"start":{"line":6,"column":62},"end":{"line":9,"column":9}},"line":6},"3":{"name":"getUserByEmail","decl":{"start":{"line":14,"column":9},"end":{"line":14,"column":23}},"loc":{"start":{"line":14,"column":31},"end":{"line":22,"column":1}},"line":14},"4":{"name":"(anonymous_4)","decl":{"start":{"line":15,"column":23},"end":{"line":15,"column":24}},"loc":{"start":{"line":15,"column":44},"end":{"line":21,"column":5}},"line":15},"5":{"name":"(anonymous_5)","decl":{"start":{"line":17,"column":31},"end":{"line":17,"column":32}},"loc":{"start":{"line":17,"column":45},"end":{"line":20,"column":9}},"line":17}},"branchMap":{"0":{"loc":{"start":{"line":7,"column":12},"end":{"line":7,"column":40}},"type":"if","locations":[{"start":{"line":7,"column":12},"end":{"line":7,"column":40}},{"start":{},"end":{}}],"line":7},"1":{"loc":{"start":{"line":18,"column":12},"end":{"line":18,"column":40}},"type":"if","locations":[{"start":{"line":18,"column":12},"end":{"line":18,"column":40}},{"start":{},"end":{}}],"line":18}},"s":{"0":2,"1":1,"2":1,"3":1,"4":1,"5":0,"6":1,"7":3,"8":3,"9":3,"10":3,"11":0,"12":3,"13":2},"f":{"0":1,"1":1,"2":1,"3":3,"4":3,"5":3},"b":{"0":[0,1],"1":[0,3]},"_coverageSchema":"1a1c01bbd47fc00a2c39e90264f33305004495a9","hash":"580493ddce8e06fd10eb352257589f281083f003"}
}
