TN:
SF:app.js
FN:15,startServer
FN:19,(anonymous_1)
FN:57,(anonymous_2)
FN:132,(anonymous_3)
FN:212,(anonymous_4)
FN:267,(anonymous_5)
FN:321,(anonymous_6)
FN:399,(anonymous_7)
FN:497,(anonymous_8)
FN:520,(anonymous_9)
FN:613,(anonymous_10)
FN:677,(anonymous_11)
FNF:12
FNH:6
FNDA:1,startServer
FNDA:0,(anonymous_1)
FNDA:7,(anonymous_2)
FNDA:0,(anonymous_3)
FNDA:1,(anonymous_4)
FNDA:2,(anonymous_5)
FNDA:1,(anonymous_6)
FNDA:0,(anonymous_7)
FNDA:0,(anonymous_8)
FNDA:4,(anonymous_9)
FNDA:0,(anonymous_10)
FNDA:0,(anonymous_11)
DA:1,1
DA:2,1
DA:3,1
DA:4,1
DA:5,1
DA:6,1
DA:7,1
DA:8,1
DA:10,1
DA:11,1
DA:13,1
DA:16,1
DA:18,1
DA:19,0
DA:20,0
DA:21,0
DA:26,1
DA:29,1
DA:32,1
DA:34,1
DA:48,1
DA:53,1
DA:55,1
DA:57,1
DA:58,7
DA:60,7
DA:61,7
DA:62,0
DA:65,7
DA:66,7
DA:67,7
DA:68,7
DA:70,0
DA:132,1
DA:133,0
DA:134,0
DA:135,0
DA:136,0
DA:138,0
DA:139,0
DA:141,0
DA:142,0
DA:147,0
DA:148,0
DA:149,0
DA:151,0
DA:152,0
DA:158,0
DA:212,1
DA:213,1
DA:214,1
DA:215,1
DA:216,1
DA:217,1
DA:218,1
DA:219,1
DA:220,0
DA:222,1
DA:223,1
DA:225,0
DA:267,1
DA:268,2
DA:269,2
DA:270,2
DA:272,0
DA:321,1
DA:322,1
DA:323,1
DA:324,1
DA:326,1
DA:327,1
DA:328,1
DA:330,0
DA:333,0
DA:399,1
DA:400,0
DA:401,0
DA:408,0
DA:409,0
DA:410,0
DA:414,0
DA:497,1
DA:498,0
DA:499,0
DA:503,0
DA:504,0
DA:506,0
DA:507,0
DA:508,0
DA:509,0
DA:510,0
DA:511,0
DA:513,0
DA:516,0
DA:520,1
DA:521,4
DA:522,4
DA:523,4
DA:524,4
DA:526,4
DA:527,1
DA:530,3
DA:533,3
DA:536,3
DA:537,3
DA:538,3
DA:539,9
DA:540,1
DA:544,3
DA:546,0
DA:613,1
DA:614,0
DA:615,0
DA:616,0
DA:617,0
DA:621,0
DA:622,0
DA:623,0
DA:625,0
DA:677,1
DA:678,0
DA:679,0
DA:680,0
DA:681,0
DA:683,0
DA:684,0
LF:126
LH:69
BRDA:18,0,0,0
BRDA:18,0,1,1
BRDA:61,1,0,0
BRDA:61,1,1,7
BRDA:135,2,0,0
BRDA:135,2,1,0
BRDA:138,3,0,0
BRDA:138,3,1,0
BRDA:141,4,0,0
BRDA:141,4,1,0
BRDA:148,5,0,0
BRDA:148,5,1,0
BRDA:215,6,0,0
BRDA:215,6,1,1
BRDA:216,7,0,0
BRDA:216,7,1,1
BRDA:217,8,0,0
BRDA:217,8,1,1
BRDA:219,9,0,0
BRDA:219,9,1,1
BRDA:219,10,0,1
BRDA:219,10,1,1
BRDA:327,11,0,1
BRDA:327,11,1,0
BRDA:503,12,0,0
BRDA:503,12,1,0
BRDA:509,13,0,0
BRDA:509,13,1,0
BRDA:526,14,0,1
BRDA:526,14,1,3
BRDA:539,15,0,1
BRDA:539,15,1,8
BRDA:680,16,0,0
BRDA:680,16,1,0
BRF:34
BRH:13
end_of_record
TN:
SF:db.js
FN:8,ensureUserTable
FN:30,(anonymous_1)
FN:31,(anonymous_2)
FN:39,(anonymous_3)
FNF:4
FNH:4
FNDA:1,ensureUserTable
FNDA:1,(anonymous_1)
FNDA:1,(anonymous_2)
FNDA:1,(anonymous_3)
DA:1,3
DA:2,3
DA:5,3
DA:9,1
DA:19,1
DA:30,1
DA:31,1
DA:32,1
DA:33,0
DA:35,1
DA:39,1
DA:40,1
DA:41,0
DA:43,1
DA:49,3
LF:15
LH:13
BRDA:32,0,0,0
BRDA:32,0,1,1
BRDA:40,1,0,0
BRDA:40,1,1,1
BRF:4
BRH:2
end_of_record
TN:
SF:models/movie.js
FN:3,getMovies
FN:4,(anonymous_1)
FN:5,(anonymous_2)
FN:12,getMovieById
FN:13,(anonymous_4)
FN:14,(anonymous_5)
FN:21,addMovie
FN:22,(anonymous_7)
FN:24,(anonymous_8)
FN:31,updateMovie
FN:32,(anonymous_10)
FN:35,(anonymous_11)
FN:36,(anonymous_12)
FN:40,(anonymous_13)
FN:43,(anonymous_14)
FN:51,deleteMovie
FN:52,(anonymous_16)
FN:53,(anonymous_17)
FNF:18
FNH:18
FNDA:2,getMovies
FNDA:2,(anonymous_1)
FNDA:2,(anonymous_2)
FNDA:7,getMovieById
FNDA:7,(anonymous_4)
FNDA:7,(anonymous_5)
FNDA:1,addMovie
FNDA:1,(anonymous_7)
FNDA:1,(anonymous_8)
FNDA:3,updateMovie
FNDA:3,(anonymous_10)
FNDA:2,(anonymous_11)
FNDA:1,(anonymous_12)
FNDA:1,(anonymous_13)
FNDA:1,(anonymous_14)
FNDA:1,deleteMovie
FNDA:1,(anonymous_16)
FNDA:1,(anonymous_17)
DA:1,2
DA:4,2
DA:5,2
DA:6,2
DA:7,2
DA:13,7
DA:14,7
DA:15,7
DA:16,7
DA:22,1
DA:23,1
DA:24,1
DA:25,1
DA:26,1
DA:32,3
DA:34,3
DA:35,3
DA:36,3
DA:38,3
DA:40,1
DA:41,1
DA:43,1
DA:44,1
DA:45,1
DA:52,1
DA:53,1
DA:54,1
DA:55,1
DA:60,2
LF:29
LH:29
BRDA:6,0,0,0
BRDA:6,0,1,2
BRDA:15,1,0,0
BRDA:15,1,1,7
BRDA:25,2,0,0
BRDA:25,2,1,1
BRDA:38,3,0,2
BRDA:38,3,1,1
BRDA:44,4,0,0
BRDA:44,4,1,1
BRDA:54,5,0,0
BRDA:54,5,1,1
BRF:12
BRH:7
end_of_record
TN:
SF:models/user.js
FN:3,createUser
FN:4,(anonymous_1)
FN:6,(anonymous_2)
FN:14,getUserByEmail
FN:15,(anonymous_4)
FN:17,(anonymous_5)
FNF:6
FNH:6
FNDA:1,createUser
FNDA:1,(anonymous_1)
FNDA:1,(anonymous_2)
FNDA:3,getUserByEmail
FNDA:3,(anonymous_4)
FNDA:3,(anonymous_5)
DA:1,2
DA:4,1
DA:5,1
DA:6,1
DA:7,1
DA:8,1
DA:15,3
DA:16,3
DA:17,3
DA:18,3
DA:19,3
DA:25,2
LF:12
LH:12
BRDA:7,0,0,0
BRDA:7,0,1,1
BRDA:18,1,0,0
BRDA:18,1,1,3
BRF:4
BRH:2
end_of_record
